<?xml version="1.0" encoding="utf-8"?>
<TestRun id="8b0e38a7-8db1-4a23-9387-201c45960a59" name="ariel@ARIEL-DESKTOP 2025-04-29 17:43:25" runUser="ARIEL-DESKTOP\ariel" xmlns="http://microsoft.com/schemas/VisualStudio/TeamTest/2010">
  <Times creation="2025-04-29T17:43:25.4841069+02:00" queuing="2025-04-29T17:43:25.4841073+02:00" start="2025-04-29T17:43:24.8361031+02:00" finish="2025-04-29T17:43:25.4911698+02:00" />
  <TestSettings name="default" id="078561a3-0b64-41c5-a19f-c12e12a55d20">
    <Deployment runDeploymentRoot="ariel_ARIEL-DESKTOP_2025-04-29_17_43_25" />
  </TestSettings>
  <Results>
    <UnitTestResult executionId="9af2f51d-960b-4079-9b86-93426ffe4633" testId="b62f6c45-2247-ab8f-839b-1ca55583dd32" testName="TestRemoveJavascriptListener" computerName="ARIEL-DESKTOP" duration="00:00:00.0053866" startTime="2025-04-29T17:43:25.2721179+02:00" endTime="2025-04-29T17:43:25.2977356+02:00" testType="13cdc9d9-ddb5-4fa4-a97d-d965ccfc6d4b" outcome="Passed" testListId="8c84fa94-04c1-424b-9868-57a2d4851a1d" relativeResultsDirectory="9af2f51d-960b-4079-9b86-93426ffe4633" />
    <UnitTestResult executionId="be5a6cd7-62be-427f-bdc9-27d87dbdab4a" testId="283bee49-3705-1bb5-17b8-ee342881bf94" testName="SvgMissesNamespace" computerName="ARIEL-DESKTOP" duration="00:00:00.0053613" startTime="2025-04-29T17:43:25.2721440+02:00" endTime="2025-04-29T17:43:25.2977333+02:00" testType="13cdc9d9-ddb5-4fa4-a97d-d965ccfc6d4b" outcome="Passed" testListId="8c84fa94-04c1-424b-9868-57a2d4851a1d" relativeResultsDirectory="be5a6cd7-62be-427f-bdc9-27d87dbdab4a" />
    <UnitTestResult executionId="ddd32b10-745b-4002-bef2-11ff36449b6d" testId="2bf9885d-54e9-1d4e-875a-12fc261278df" testName="TestRemoveScriptTagWithNamespace" computerName="ARIEL-DESKTOP" duration="00:00:00.0053902" startTime="2025-04-29T17:43:25.2721653+02:00" endTime="2025-04-29T17:43:25.2977328+02:00" testType="13cdc9d9-ddb5-4fa4-a97d-d965ccfc6d4b" outcome="Passed" testListId="8c84fa94-04c1-424b-9868-57a2d4851a1d" relativeResultsDirectory="ddd32b10-745b-4002-bef2-11ff36449b6d" />
    <UnitTestResult executionId="a44df774-b8de-4990-a9d2-9be5989c1bae" testId="f50ff5e9-15b1-e002-4da8-5419e5a92bfb" testName="RootNamespacesShouldBeRemoved" computerName="ARIEL-DESKTOP" duration="00:00:00.0053900" startTime="2025-04-29T17:43:25.2721315+02:00" endTime="2025-04-29T17:43:25.2977323+02:00" testType="13cdc9d9-ddb5-4fa4-a97d-d965ccfc6d4b" outcome="Passed" testListId="8c84fa94-04c1-424b-9868-57a2d4851a1d" relativeResultsDirectory="a44df774-b8de-4990-a9d2-9be5989c1bae" />
    <UnitTestResult executionId="0751c07e-76a0-45bb-81e3-bae661a310d0" testId="9276f2fe-332d-f1fc-5ed9-edbec36079a3" testName="GoodSvgDoesntChange" computerName="ARIEL-DESKTOP" duration="00:00:00.0053904" startTime="2025-04-29T17:43:25.2721006+02:00" endTime="2025-04-29T17:43:25.2977345+02:00" testType="13cdc9d9-ddb5-4fa4-a97d-d965ccfc6d4b" outcome="Passed" testListId="8c84fa94-04c1-424b-9868-57a2d4851a1d" relativeResultsDirectory="0751c07e-76a0-45bb-81e3-bae661a310d0" />
    <UnitTestResult executionId="6e3a9eb6-d906-4cd0-9058-1170958f910a" testId="1d542374-b302-94e5-680f-88d86d5986b8" testName="TestRemoveXhtmlScript" computerName="ARIEL-DESKTOP" duration="00:00:00.0053576" startTime="2025-04-29T17:43:25.2720858+02:00" endTime="2025-04-29T17:43:25.2977328+02:00" testType="13cdc9d9-ddb5-4fa4-a97d-d965ccfc6d4b" outcome="Passed" testListId="8c84fa94-04c1-424b-9868-57a2d4851a1d" relativeResultsDirectory="6e3a9eb6-d906-4cd0-9058-1170958f910a" />
    <UnitTestResult executionId="291b6094-9a67-42c6-9b5a-dc132d90bc7f" testId="5ef76ce4-a842-b99d-e503-33315813cd2e" testName="TestRemoveScriptTag" computerName="ARIEL-DESKTOP" duration="00:00:00.0053781" startTime="2025-04-29T17:43:25.2721586+02:00" endTime="2025-04-29T17:43:25.2977697+02:00" testType="13cdc9d9-ddb5-4fa4-a97d-d965ccfc6d4b" outcome="Passed" testListId="8c84fa94-04c1-424b-9868-57a2d4851a1d" relativeResultsDirectory="291b6094-9a67-42c6-9b5a-dc132d90bc7f" />
  </Results>
  <TestDefinitions>
    <UnitTest name="TestRemoveScriptTagWithNamespace" storage="e:\costasdev.safesvg\src\costasdev.safesvg.tests\bin\release\net9.0\costasdev.safesvg.tests.dll" id="2bf9885d-54e9-1d4e-875a-12fc261278df">
      <Execution id="ddd32b10-745b-4002-bef2-11ff36449b6d" />
      <TestMethod codeBase="E:\Costasdev.SafeSvg\src\Costasdev.SafeSvg.Tests\bin\Release\net9.0\Costasdev.SafeSvg.Tests.dll" adapterTypeName="executor://mstestadapter/v2" className="Costasdev.SafeSvg.Tests.SanitiserTests" name="TestRemoveScriptTagWithNamespace" />
    </UnitTest>
    <UnitTest name="TestRemoveXhtmlScript" storage="e:\costasdev.safesvg\src\costasdev.safesvg.tests\bin\release\net9.0\costasdev.safesvg.tests.dll" id="1d542374-b302-94e5-680f-88d86d5986b8">
      <Execution id="6e3a9eb6-d906-4cd0-9058-1170958f910a" />
      <TestMethod codeBase="E:\Costasdev.SafeSvg\src\Costasdev.SafeSvg.Tests\bin\Release\net9.0\Costasdev.SafeSvg.Tests.dll" adapterTypeName="executor://mstestadapter/v2" className="Costasdev.SafeSvg.Tests.SanitiserTests" name="TestRemoveXhtmlScript" />
    </UnitTest>
    <UnitTest name="TestRemoveScriptTag" storage="e:\costasdev.safesvg\src\costasdev.safesvg.tests\bin\release\net9.0\costasdev.safesvg.tests.dll" id="5ef76ce4-a842-b99d-e503-33315813cd2e">
      <Execution id="291b6094-9a67-42c6-9b5a-dc132d90bc7f" />
      <TestMethod codeBase="E:\Costasdev.SafeSvg\src\Costasdev.SafeSvg.Tests\bin\Release\net9.0\Costasdev.SafeSvg.Tests.dll" adapterTypeName="executor://mstestadapter/v2" className="Costasdev.SafeSvg.Tests.SanitiserTests" name="TestRemoveScriptTag" />
    </UnitTest>
    <UnitTest name="TestRemoveJavascriptListener" storage="e:\costasdev.safesvg\src\costasdev.safesvg.tests\bin\release\net9.0\costasdev.safesvg.tests.dll" id="b62f6c45-2247-ab8f-839b-1ca55583dd32">
      <Execution id="9af2f51d-960b-4079-9b86-93426ffe4633" />
      <TestMethod codeBase="E:\Costasdev.SafeSvg\src\Costasdev.SafeSvg.Tests\bin\Release\net9.0\Costasdev.SafeSvg.Tests.dll" adapterTypeName="executor://mstestadapter/v2" className="Costasdev.SafeSvg.Tests.SanitiserTests" name="TestRemoveJavascriptListener" />
    </UnitTest>
    <UnitTest name="GoodSvgDoesntChange" storage="e:\costasdev.safesvg\src\costasdev.safesvg.tests\bin\release\net9.0\costasdev.safesvg.tests.dll" id="9276f2fe-332d-f1fc-5ed9-edbec36079a3">
      <Execution id="0751c07e-76a0-45bb-81e3-bae661a310d0" />
      <TestMethod codeBase="E:\Costasdev.SafeSvg\src\Costasdev.SafeSvg.Tests\bin\Release\net9.0\Costasdev.SafeSvg.Tests.dll" adapterTypeName="executor://mstestadapter/v2" className="Costasdev.SafeSvg.Tests.SanitiserTests" name="GoodSvgDoesntChange" />
    </UnitTest>
    <UnitTest name="RootNamespacesShouldBeRemoved" storage="e:\costasdev.safesvg\src\costasdev.safesvg.tests\bin\release\net9.0\costasdev.safesvg.tests.dll" id="f50ff5e9-15b1-e002-4da8-5419e5a92bfb">
      <Execution id="a44df774-b8de-4990-a9d2-9be5989c1bae" />
      <TestMethod codeBase="E:\Costasdev.SafeSvg\src\Costasdev.SafeSvg.Tests\bin\Release\net9.0\Costasdev.SafeSvg.Tests.dll" adapterTypeName="executor://mstestadapter/v2" className="Costasdev.SafeSvg.Tests.SanitiserTests" name="RootNamespacesShouldBeRemoved" />
    </UnitTest>
    <UnitTest name="SvgMissesNamespace" storage="e:\costasdev.safesvg\src\costasdev.safesvg.tests\bin\release\net9.0\costasdev.safesvg.tests.dll" id="283bee49-3705-1bb5-17b8-ee342881bf94">
      <Execution id="be5a6cd7-62be-427f-bdc9-27d87dbdab4a" />
      <TestMethod codeBase="E:\Costasdev.SafeSvg\src\Costasdev.SafeSvg.Tests\bin\Release\net9.0\Costasdev.SafeSvg.Tests.dll" adapterTypeName="executor://mstestadapter/v2" className="Costasdev.SafeSvg.Tests.SanitiserTests" name="SvgMissesNamespace" />
    </UnitTest>
  </TestDefinitions>
  <TestEntries>
    <TestEntry testId="b62f6c45-2247-ab8f-839b-1ca55583dd32" executionId="9af2f51d-960b-4079-9b86-93426ffe4633" testListId="8c84fa94-04c1-424b-9868-57a2d4851a1d" />
    <TestEntry testId="283bee49-3705-1bb5-17b8-ee342881bf94" executionId="be5a6cd7-62be-427f-bdc9-27d87dbdab4a" testListId="8c84fa94-04c1-424b-9868-57a2d4851a1d" />
    <TestEntry testId="2bf9885d-54e9-1d4e-875a-12fc261278df" executionId="ddd32b10-745b-4002-bef2-11ff36449b6d" testListId="8c84fa94-04c1-424b-9868-57a2d4851a1d" />
    <TestEntry testId="f50ff5e9-15b1-e002-4da8-5419e5a92bfb" executionId="a44df774-b8de-4990-a9d2-9be5989c1bae" testListId="8c84fa94-04c1-424b-9868-57a2d4851a1d" />
    <TestEntry testId="9276f2fe-332d-f1fc-5ed9-edbec36079a3" executionId="0751c07e-76a0-45bb-81e3-bae661a310d0" testListId="8c84fa94-04c1-424b-9868-57a2d4851a1d" />
    <TestEntry testId="1d542374-b302-94e5-680f-88d86d5986b8" executionId="6e3a9eb6-d906-4cd0-9058-1170958f910a" testListId="8c84fa94-04c1-424b-9868-57a2d4851a1d" />
    <TestEntry testId="5ef76ce4-a842-b99d-e503-33315813cd2e" executionId="291b6094-9a67-42c6-9b5a-dc132d90bc7f" testListId="8c84fa94-04c1-424b-9868-57a2d4851a1d" />
  </TestEntries>
  <TestLists>
    <TestList name="Resultados sin formato de lista" id="8c84fa94-04c1-424b-9868-57a2d4851a1d" />
    <TestList name="Todos los resultados cargados" id="19431567-8539-422a-85d7-44ee4e166bda" />
  </TestLists>
  <ResultSummary outcome="Completed">
    <Counters total="7" executed="7" passed="7" failed="0" error="0" timeout="0" aborted="0" inconclusive="0" passedButRunAborted="0" notRunnable="0" notExecuted="0" disconnected="0" warning="0" completed="0" inProgress="0" pending="0" />
    <Output>
      <StdOut>Probar paralelización habilitada para E:\Costasdev.SafeSvg\src\Costasdev.SafeSvg.Tests\bin\Release\net9.0\Costasdev.SafeSvg.Tests.dll (Trabajos: 12, Ámbito: MethodLevel)&#xD;
</StdOut>
    </Output>
  </ResultSummary>
</TestRun>